[INFO] Scanning for projects...
[INFO] 
[INFO] ------------------------< ilp:ilp_submission_1 >------------------------
[INFO] Building simpledemo 0.0.1-SNAPSHOT
[INFO]   from pom.xml
[INFO] --------------------------------[ jar ]---------------------------------
[INFO] 
[INFO] >>> spring-boot:3.5.6:run (default-cli) > test-compile @ ilp_submission_1 >>>
[INFO] 
[INFO] --- resources:3.3.1:resources (default-resources) @ ilp_submission_1 ---
[INFO] Copying 1 resource from src\main\resources to target\classes
[INFO] Copying 0 resource from src\main\resources to target\classes
[INFO] 
[INFO] --- compiler:3.14.0:compile (default-compile) @ ilp_submission_1 ---
[INFO] Nothing to compile - all classes are up to date.
[INFO] 
[INFO] --- resources:3.3.1:testResources (default-testResources) @ ilp_submission_1 ---
[INFO] skip non existing resourceDirectory C:\Users\anjia\Downloads\simpledemo\src\test\resources
[INFO] 
[INFO] --- compiler:3.14.0:testCompile (default-testCompile) @ ilp_submission_1 ---
[INFO] Nothing to compile - all classes are up to date.
[INFO] 
[INFO] <<< spring-boot:3.5.6:run (default-cli) < test-compile @ ilp_submission_1 <<<
[INFO] 
[INFO] 
[INFO] --- spring-boot:3.5.6:run (default-cli) @ ilp_submission_1 ---
[INFO] Attaching agents: []

  .   ____          _            __ _ _
 /\\ / ___'_ __ _ _(_)_ __  __ _ \ \ \ \
( ( )\___ | '_ | '_| | '_ \/ _` | \ \ \ \
 \\/  ___)| |_)| | | | | || (_| |  ) ) ) )
  '  |____| .__|_| |_|_| |_\__, | / / / /
 =========|_|==============|___/=/_/_/_/

 :: Spring Boot ::                (v3.5.6)

2025-10-19T11:44:28.712+01:00  INFO 2616 --- [ilp] [           main] ilp.submission.SimpledemoApplication     : Starting SimpledemoApplication using Java 21.0.8 with PID 2616 (C:\Users\anjia\Downloads\simpledemo\target\classes started by anjia in C:\Users\anjia\Downloads\simpledemo)
2025-10-19T11:44:28.721+01:00  INFO 2616 --- [ilp] [           main] ilp.submission.SimpledemoApplication     : No active profile set, falling back to 1 default profile: "default"
2025-10-19T11:44:29.380+01:00  INFO 2616 --- [ilp] [           main] o.s.b.w.embedded.tomcat.TomcatWebServer  : Tomcat initialized with port 8080 (http)
2025-10-19T11:44:29.394+01:00  INFO 2616 --- [ilp] [           main] o.apache.catalina.core.StandardService   : Starting service [Tomcat]
2025-10-19T11:44:29.394+01:00  INFO 2616 --- [ilp] [           main] o.apache.catalina.core.StandardEngine    : Starting Servlet engine: [Apache Tomcat/10.1.46]
2025-10-19T11:44:29.441+01:00  INFO 2616 --- [ilp] [           main] o.a.c.c.C.[Tomcat].[localhost].[/]       : Initializing Spring embedded WebApplicationContext
2025-10-19T11:44:29.443+01:00  INFO 2616 --- [ilp] [           main] w.s.c.ServletWebServerApplicationContext : Root WebApplicationContext: initialization completed in 697 ms
2025-10-19T11:44:29.601+01:00  INFO 2616 --- [ilp] [           main] o.s.v.b.OptionalValidatorFactoryBean     : Failed to set up a Bean Validation provider: jakarta.validation.NoProviderFoundException: Unable to create a Configuration, because no Jakarta Bean Validation provider could be found. Add a provider like Hibernate Validator (RI) to your classpath.
2025-10-19T11:44:29.795+01:00  INFO 2616 --- [ilp] [           main] o.s.b.a.e.web.EndpointLinksResolver      : Exposing 1 endpoint beneath base path '/actuator'
2025-10-19T11:44:29.827+01:00  WARN 2616 --- [ilp] [           main] ConfigServletWebServerApplicationContext : Exception encountered during context initialization - cancelling refresh attempt: org.springframework.context.ApplicationContextException: Failed to start bean 'webServerStartStop'
2025-10-19T11:44:29.841+01:00  INFO 2616 --- [ilp] [           main] .s.b.a.l.ConditionEvaluationReportLogger : 

Error starting ApplicationContext. To display the condition evaluation report re-run your application with 'debug' enabled.
2025-10-19T11:44:29.850+01:00 ERROR 2616 --- [ilp] [           main] o.s.b.d.LoggingFailureAnalysisReporter   : 

***************************
APPLICATION FAILED TO START
***************************

Description:

Web server failed to start. Port 8080 was already in use.

Action:

Identify and stop the process that's listening on port 8080 or configure this application to listen on another port.

[INFO] ------------------------------------------------------------------------
[INFO] BUILD FAILURE
[INFO] ------------------------------------------------------------------------
[INFO] Total time:  3.029 s
[INFO] Finished at: 2025-10-19T11:44:29+01:00
[INFO] ------------------------------------------------------------------------
[ERROR] Failed to execute goal org.springframework.boot:spring-boot-maven-plugin:3.5.6:run (default-cli) on project ilp_submission_1: Process terminated with exit code: 1 -> [Help 1]
[ERROR] 
[ERROR] To see the full stack trace of the errors, re-run Maven with the -e switch.
[ERROR] Re-run Maven using the -X switch to enable full debug logging.
[ERROR] 
[ERROR] For more information about the errors and possible solutions, please read the following articles:
[ERROR] [Help 1] http://cwiki.apache.org/confluence/display/MAVEN/MojoExecutionException
